0 info it worked if it ends with ok
1 verbose cli [ '/usr/local/bin/node',
1 verbose cli   '/usr/local/lib/node_modules/cnpm/node_modules/.bin/npm',
1 verbose cli   '--userconfig=/Users/wanyuqing/.cnpmrc',
1 verbose cli   '--disturl=https://npm.taobao.org/mirrors/node',
1 verbose cli   '--registry=https://registry.npm.taobao.org',
1 verbose cli   'run',
1 verbose cli   'build:win' ]
2 info using npm@3.10.10
3 info using node@v8.4.0
4 verbose run-script [ 'prebuild:win', 'build:win', 'postbuild:win' ]
5 info lifecycle EMark@1.1.0~prebuild:win: EMark@1.1.0
6 silly lifecycle EMark@1.1.0~prebuild:win: no script for prebuild:win, continuing
7 info lifecycle EMark@1.1.0~build:win: EMark@1.1.0
8 verbose lifecycle EMark@1.1.0~build:win: unsafe-perm in lifecycle true
9 verbose lifecycle EMark@1.1.0~build:win: PATH: /usr/local/lib/node_modules/cnpm/node_modules/npm/bin/node-gyp-bin:/Users/wanyuqing/git/EMark/node_modules/.bin:/usr/local/bin:/usr/bin:/bin:/usr/sbin:/sbin:/opt/X11/bin
10 verbose lifecycle EMark@1.1.0~build:win: CWD: /Users/wanyuqing/git/EMark
11 silly lifecycle EMark@1.1.0~build:win: Args: [ '-c',
11 silly lifecycle   'node .electron-vue/build.js && electron-builder --win' ]
12 silly lifecycle EMark@1.1.0~build:win: Returned: code: 255  signal: null
13 info lifecycle EMark@1.1.0~build:win: Failed to exec build:win script
14 verbose stack Error: EMark@1.1.0 build:win: `node .electron-vue/build.js && electron-builder --win`
14 verbose stack Exit status 255
14 verbose stack     at EventEmitter.<anonymous> (/usr/local/lib/node_modules/cnpm/node_modules/npm/lib/utils/lifecycle.js:255:16)
14 verbose stack     at emitTwo (events.js:125:13)
14 verbose stack     at EventEmitter.emit (events.js:213:7)
14 verbose stack     at ChildProcess.<anonymous> (/usr/local/lib/node_modules/cnpm/node_modules/npm/lib/utils/spawn.js:40:14)
14 verbose stack     at emitTwo (events.js:125:13)
14 verbose stack     at ChildProcess.emit (events.js:213:7)
14 verbose stack     at maybeClose (internal/child_process.js:927:16)
14 verbose stack     at Process.ChildProcess._handle.onexit (internal/child_process.js:211:5)
15 verbose pkgid EMark@1.1.0
16 verbose cwd /Users/wanyuqing/git/EMark
17 error Darwin 16.7.0
18 error argv "/usr/local/bin/node" "/usr/local/lib/node_modules/cnpm/node_modules/.bin/npm" "--userconfig=/Users/wanyuqing/.cnpmrc" "--disturl=https://npm.taobao.org/mirrors/node" "--registry=https://registry.npm.taobao.org" "run" "build:win"
19 error node v8.4.0
20 error npm  v3.10.10
21 error code ELIFECYCLE
22 error EMark@1.1.0 build:win: `node .electron-vue/build.js && electron-builder --win`
22 error Exit status 255
23 error Failed at the EMark@1.1.0 build:win script 'node .electron-vue/build.js && electron-builder --win'.
23 error Make sure you have the latest version of node.js and npm installed.
23 error If you do, this is most likely a problem with the EMark package,
23 error not with npm itself.
23 error Tell the author that this fails on your system:
23 error     node .electron-vue/build.js && electron-builder --win
23 error You can get information on how to open an issue for this project with:
23 error     npm bugs EMark
23 error Or if that isn't available, you can get their info via:
23 error     npm owner ls EMark
23 error There is likely additional logging output above.
24 verbose exit [ 1, true ]
